# JRE version: Java(TM) SE Runtime Environment (24.0+36) (build 24+36-3646)
# Java VM: Java HotSpot(TM) 64-Bit Server VM (24+36-3646, mixed mode, emulated-client, sharing, tiered, compressed oops, compressed class ptrs, g1 gc, windows-amd64)
GC Precious Log:
 CardTable entry size: 512
 Card Set container configuration: InlinePtr #cards 4 size 8 Array Of Cards #cards 32 size 80 Howl #buckets 8 coarsen threshold 7372 Howl Bitmap #cards 1024 size 144 coarsen threshold 921 Card regions per heap region 1 cards per card region 8192
 CPUs: 4 total, 4 available
 Memory: 20389M
 Large Page Support: Disabled
 NUMA Support: Disabled
 Compressed Oops: Enabled (Zero based)
 Heap Region Size: 4M
 Heap Min Capacity: 8M
 Heap Initial Capacity: 320M
 Heap Max Capacity: 5100M
 Pre-touch: Disabled
 Parallel Workers: 4
 Concurrent Workers: 1
 Concurrent Refinement Workers: 4
 Periodic GC: Disabled
Heap:
 garbage-first heap   total reserved 5222400K, committed 69632K, used 37996K [0x00000006c1400000, 0x0000000800000000)
  region size 4096K, 6 young (24576K), 2 survivors (8192K)
 Metaspace       used 50197K, committed 50752K, reserved 1114112K
  class space    used 5609K, committed 5824K, reserved 1048576K
GC Heap History (16 events):
Event: 1.547 GC heap before
{Heap before GC invocations=0 (full 0):
 garbage-first heap   total reserved 5222400K, committed 331776K, used 25716K [0x00000006c1400000, 0x0000000800000000)
  region size 4096K, 7 young (28672K), 0 survivors (0K)
 Metaspace       used 7071K, committed 7360K, reserved 1114112K
  class space    used 709K, committed 832K, reserved 1048576K
}
Event: 1.553 GC heap after
{Heap after GC invocations=1 (full 0):
 garbage-first heap   total reserved 5222400K, committed 331776K, used 8849K [0x00000006c1400000, 0x0000000800000000)
  region size 4096K, 1 young (4096K), 1 survivors (4096K)
 Metaspace       used 7071K, committed 7360K, reserved 1114112K
  class space    used 709K, committed 832K, reserved 1048576K
}
Event: 2.933 GC heap before
{Heap before GC invocations=1 (full 0):
 garbage-first heap   total reserved 5222400K, committed 331776K, used 66193K [0x00000006c1400000, 0x0000000800000000)
  region size 4096K, 17 young (69632K), 1 survivors (4096K)
 Metaspace       used 21210K, committed 21504K, reserved 1114112K
  class space    used 2302K, committed 2432K, reserved 1048576K
}
Event: 2.943 GC heap after
{Heap after GC invocations=2 (full 0):
 garbage-first heap   total reserved 5222400K, committed 331776K, used 14405K [0x00000006c1400000, 0x0000000800000000)
  region size 4096K, 3 young (12288K), 3 survivors (12288K)
 Metaspace       used 21210K, committed 21504K, reserved 1114112K
  class space    used 2302K, committed 2432K, reserved 1048576K
}
Event: 3.765 GC heap before
{Heap before GC invocations=3 (full 0):
 garbage-first heap   total reserved 5222400K, committed 69632K, used 43077K [0x00000006c1400000, 0x0000000800000000)
  region size 4096K, 10 young (40960K), 3 survivors (12288K)
 Metaspace       used 24144K, committed 24512K, reserved 1114112K
  class space    used 2653K, committed 2816K, reserved 1048576K
}
Event: 3.780 GC heap after
{Heap after GC invocations=4 (full 0):
 garbage-first heap   total reserved 5222400K, committed 69632K, used 16270K [0x00000006c1400000, 0x0000000800000000)
  region size 4096K, 1 young (4096K), 1 survivors (4096K)
 Metaspace       used 24144K, committed 24512K, reserved 1114112K
  class space    used 2653K, committed 2816K, reserved 1048576K
}
Event: 4.363 GC heap before
{Heap before GC invocations=4 (full 0):
 garbage-first heap   total reserved 5222400K, committed 69632K, used 40846K [0x00000006c1400000, 0x0000000800000000)
  region size 4096K, 7 young (28672K), 1 survivors (4096K)
 Metaspace       used 27861K, committed 28352K, reserved 1114112K
  class space    used 3128K, committed 3328K, reserved 1048576K
}
Event: 4.380 GC heap after
{Heap after GC invocations=5 (full 0):
 garbage-first heap   total reserved 5222400K, committed 69632K, used 18004K [0x00000006c1400000, 0x0000000800000000)
  region size 4096K, 1 young (4096K), 1 survivors (4096K)
 Metaspace       used 27861K, committed 28352K, reserved 1114112K
  class space    used 3128K, committed 3328K, reserved 1048576K
}
Event: 5.182 GC heap before
{Heap before GC invocations=5 (full 0):
 garbage-first heap   total reserved 5222400K, committed 69632K, used 46676K [0x00000006c1400000, 0x0000000800000000)
  region size 4096K, 8 young (32768K), 1 survivors (4096K)
 Metaspace       used 34154K, committed 34624K, reserved 1114112K
  class space    used 3821K, committed 4032K, reserved 1048576K
}
Event: 5.190 GC heap after
{Heap after GC invocations=6 (full 0):
 garbage-first heap   total reserved 5222400K, committed 69632K, used 20052K [0x00000006c1400000, 0x0000000800000000)
  region size 4096K, 1 young (4096K), 1 survivors (4096K)
 Metaspace       used 34154K, committed 34624K, reserved 1114112K
  class space    used 3821K, committed 4032K, reserved 1048576K
}
Event: 5.458 GC heap before
{Heap before GC invocations=6 (full 0):
 garbage-first heap   total reserved 5222400K, committed 69632K, used 24148K [0x00000006c1400000, 0x0000000800000000)
  region size 4096K, 3 young (12288K), 1 survivors (4096K)
 Metaspace       used 35511K, committed 35968K, reserved 1114112K
  class space    used 3996K, committed 4224K, reserved 1048576K
}
Event: 5.468 GC heap after
{Heap after GC invocations=7 (full 0):
 garbage-first heap   total reserved 5222400K, committed 69632K, used 20238K [0x00000006c1400000, 0x0000000800000000)
  region size 4096K, 1 young (4096K), 1 survivors (4096K)
 Metaspace       used 35511K, committed 35968K, reserved 1114112K
  class space    used 3996K, committed 4224K, reserved 1048576K
}
Event: 7.033 GC heap before
{Heap before GC invocations=8 (full 0):
 garbage-first heap   total reserved 5222400K, committed 69632K, used 48910K [0x00000006c1400000, 0x0000000800000000)
  region size 4096K, 8 young (32768K), 1 survivors (4096K)
 Metaspace       used 43521K, committed 44032K, reserved 1114112K
  class space    used 4778K, committed 4992K, reserved 1048576K
}
Event: 7.040 GC heap after
{Heap after GC invocations=9 (full 0):
 garbage-first heap   total reserved 5222400K, committed 69632K, used 22263K [0x00000006c1400000, 0x0000000800000000)
  region size 4096K, 1 young (4096K), 1 survivors (4096K)
 Metaspace       used 43521K, committed 44032K, reserved 1114112K
  class space    used 4778K, committed 4992K, reserved 1048576K
}
Event: 7.740 GC heap before
{Heap before GC invocations=9 (full 0):
 garbage-first heap   total reserved 5222400K, committed 69632K, used 50935K [0x00000006c1400000, 0x0000000800000000)
  region size 4096K, 9 young (36864K), 1 survivors (4096K)
 Metaspace       used 48803K, committed 49280K, reserved 1114112K
  class space    used 5423K, committed 5632K, reserved 1048576K
}
Event: 7.749 GC heap after
{Heap after GC invocations=10 (full 0):
 garbage-first heap   total reserved 5222400K, committed 69632K, used 25708K [0x00000006c1400000, 0x0000000800000000)
  region size 4096K, 2 young (8192K), 2 survivors (8192K)
 Metaspace       used 48803K, committed 49280K, reserved 1114112K
  class space    used 5423K, committed 5632K, reserved 1048576K
}

